<?xml version="1.0" encoding="UTF-8"?>
<!-- Generated by org.testng.reporters.JUnitReportReporter -->
<testsuite skipped="0" hostname="USER-PC" name="org.sample.MainTestClass" tests="4" failures="0" timestamp="09 Nov 2021 03:38:34 GMT" time="21.679" errors="0">
  <testcase name="firstpage" time="12.678" classname="org.sample.MainTestClass"/>
  <testcase name="secondPage" time="1.182" classname="org.sample.MainTestClass"/>
  <testcase name="thirdPage" time="1.343" classname="org.sample.MainTestClass"/>
  <testcase name="forthPage" time="6.476" classname="org.sample.MainTestClass"/>
</testsuite> <!-- org.sample.MainTestClass -->
